<?xml version="1.0" encoding="UTF-8"?>
<!-- Generated by org.testng.reporters.JUnitXMLReporter -->
<testsuite ignored="0" hostname="Raahul" failures="0" tests="3" name="MultiBrowserTest" time="15.313" errors="0" timestamp="2023-12-03T00:52:37 IST">
  <testcase classname="com.inetBanking.testCases.TC_LoginDDT_002" name="loginDDT" time="1.991"/>
  <testcase classname="com.inetBanking.testCases.TC_LoginDDT_002" name="loginDDT" time="2.718"/>
  <testcase classname="com.inetBanking.testCases.TC_LoginDDT_002" name="loginDDT" time="3.116"/>
</testsuite> <!-- MultiBrowserTest -->
