<?xml version="1.0" encoding="UTF-8"?>
<testng-results ignored="0" total="1" passed="1" failed="0" skipped="0">
  <reporter-output>
  </reporter-output>
  <suite started-at="2023-12-04T00:31:20 IST" name="MultiBrowserSuite" finished-at="2023-12-04T00:31:29 IST" duration-ms="9158">
    <groups>
    </groups>
    <test started-at="2023-12-04T00:31:20 IST" name="MultiBrowserTest" finished-at="2023-12-04T00:31:29 IST" duration-ms="9158">
      <class name="com.inetBanking.testCases.TC_LoginTest_001">
        <test-method is-config="true" signature="setUp(java.lang.String)[pri:0, instance:com.inetBanking.testCases.TC_LoginTest_001@d706f19]" started-at="2023-12-04T00:31:20 IST" name="setUp" finished-at="2023-12-04T00:31:27 IST" duration-ms="6764" status="PASS">
          <params>
            <param index="0">
              <value>
                <![CDATA[chrome]]>
              </value>
            </param>
          </params>
          <reporter-output>
          </reporter-output>
        </test-method> <!-- setUp -->
        <test-method signature="loginToWebsite()[pri:0, instance:com.inetBanking.testCases.TC_LoginTest_001@d706f19]" started-at="2023-12-04T00:31:27 IST" name="loginToWebsite" finished-at="2023-12-04T00:31:29 IST" duration-ms="1781" status="PASS">
          <reporter-output>
          </reporter-output>
        </test-method> <!-- loginToWebsite -->
        <test-method is-config="true" signature="tearDown()[pri:0, instance:com.inetBanking.testCases.TC_LoginTest_001@d706f19]" started-at="2023-12-04T00:31:29 IST" name="tearDown" finished-at="2023-12-04T00:31:29 IST" duration-ms="177" status="PASS">
          <reporter-output>
          </reporter-output>
        </test-method> <!-- tearDown -->
      </class> <!-- com.inetBanking.testCases.TC_LoginTest_001 -->
    </test> <!-- MultiBrowserTest -->
  </suite> <!-- MultiBrowserSuite -->
</testng-results>
