<?xml version="1.0" encoding="UTF-8"?>
<testng-results ignored="0" total="3" passed="3" failed="0" skipped="0">
  <reporter-output>
  </reporter-output>
  <suite started-at="2023-12-03T00:52:21 IST" name="MultiBrowserSuite" finished-at="2023-12-03T00:52:36 IST" duration-ms="15313">
    <groups>
    </groups>
    <test started-at="2023-12-03T00:52:21 IST" name="MultiBrowserTest" finished-at="2023-12-03T00:52:36 IST" duration-ms="15313">
      <class name="com.inetBanking.testCases.TC_LoginDDT_002">
        <test-method is-config="true" signature="setUp(java.lang.String)[pri:0, instance:com.inetBanking.testCases.TC_LoginDDT_002@1530c739]" started-at="2023-12-03T00:52:21 IST" name="setUp" finished-at="2023-12-03T00:52:27 IST" duration-ms="5888" status="PASS">
          <params>
            <param index="0">
              <value>
                <![CDATA[chrome]]>
              </value>
            </param>
          </params>
          <reporter-output>
          </reporter-output>
        </test-method> <!-- setUp -->
        <test-method signature="loginDDT(java.lang.String,java.lang.String)[pri:0, instance:com.inetBanking.testCases.TC_LoginDDT_002@1530c739]" started-at="2023-12-03T00:52:28 IST" name="loginDDT" data-provider="Login Data" finished-at="2023-12-03T00:52:30 IST" duration-ms="1991" status="PASS">
          <params>
            <param index="0">
              <value>
                <![CDATA[username]]>
              </value>
            </param>
            <param index="1">
              <value>
                <![CDATA[password]]>
              </value>
            </param>
          </params>
          <reporter-output>
          </reporter-output>
        </test-method> <!-- loginDDT -->
        <test-method signature="loginDDT(java.lang.String,java.lang.String)[pri:0, instance:com.inetBanking.testCases.TC_LoginDDT_002@1530c739]" started-at="2023-12-03T00:52:30 IST" name="loginDDT" data-provider="Login Data" finished-at="2023-12-03T00:52:33 IST" duration-ms="2718" status="PASS">
          <params>
            <param index="0">
              <value>
                <![CDATA[mngr26593]]>
              </value>
            </param>
            <param index="1">
              <value>
                <![CDATA[1234567@]]>
              </value>
            </param>
          </params>
          <reporter-output>
          </reporter-output>
        </test-method> <!-- loginDDT -->
        <test-method signature="loginDDT(java.lang.String,java.lang.String)[pri:0, instance:com.inetBanking.testCases.TC_LoginDDT_002@1530c739]" started-at="2023-12-03T00:52:33 IST" name="loginDDT" data-provider="Login Data" finished-at="2023-12-03T00:52:36 IST" duration-ms="3116" status="PASS">
          <params>
            <param index="0">
              <value>
                <![CDATA[mngr26594]]>
              </value>
            </param>
            <param index="1">
              <value>
                <![CDATA[1234567@]]>
              </value>
            </param>
          </params>
          <reporter-output>
          </reporter-output>
        </test-method> <!-- loginDDT -->
        <test-method is-config="true" signature="tearDown()[pri:0, instance:com.inetBanking.testCases.TC_LoginDDT_002@1530c739]" started-at="2023-12-03T00:52:36 IST" name="tearDown" finished-at="2023-12-03T00:52:36 IST" duration-ms="226" status="PASS">
          <reporter-output>
          </reporter-output>
        </test-method> <!-- tearDown -->
      </class> <!-- com.inetBanking.testCases.TC_LoginDDT_002 -->
    </test> <!-- MultiBrowserTest -->
  </suite> <!-- MultiBrowserSuite -->
</testng-results>
